<?xml version="1.0" encoding="UTF-8"?>
<!-- Generated by org.testng.reporters.JUnitReportReporter -->
<testsuite skipped="0" hostname="Nikhils-MacBook-Air.local" name="com.mycompany.app.Appiumtest" tests="1" failures="0" timestamp="05 Nov 2020 02:36:09 GMT" time="0.002" errors="0">
  <testcase name="test" time="0.002" classname="com.mycompany.app.Appiumtest"/>
</testsuite> <!-- com.mycompany.app.Appiumtest -->
