<?xml version="1.0" encoding="UTF-8"?>
<!-- Generated by org.testng.reporters.JUnitReportReporter -->
<testsuite skipped="0" hostname="Nikhils-MacBook-Air.local" name="com.mycompany.app.Cucumbertest" tests="1" failures="0" timestamp="05 Nov 2020 02:36:09 GMT" time="0.004" errors="0">
  <testcase name="test1" time="0.004" classname="com.mycompany.app.Cucumbertest"/>
</testsuite> <!-- com.mycompany.app.Cucumbertest -->
