<?xml version="1.0" encoding="UTF-8"?>
<testsuite xmlns:xsi="http://www.w3.org/2001/XMLSchema-instance" xsi:noNamespaceSchemaLocation="https://maven.apache.org/surefire/maven-surefire-plugin/xsd/surefire-test-report-3.0.xsd" version="3.0" name="TestSuite" time="33.376" tests="1" errors="0" skipped="0" failures="1">
  <properties>
    <property name="gopherProxySet" value="false"/>
    <property name="awt.toolkit" value="sun.lwawt.macosx.LWCToolkit"/>
    <property name="file.encoding.pkg" value="sun.io"/>
    <property name="java.specification.version" value="1.8"/>
    <property name="webdriver.chrome.driver" value="/Users/nikhilkanojia/Downloads/chromedriver"/>
    <property name="sun.cpu.isalist" value=""/>
    <property name="sun.jnu.encoding" value="UTF-8"/>
    <property name="java.class.path" value="/Users/nikhilkanojia/seleniumProject/STYLI_FW1/target/test-classes:/Users/nikhilkanojia/seleniumProject/STYLI_FW1/target/classes:/Users/nikhilkanojia/.m2/repository/org/hamcrest/hamcrest-core/1.3/hamcrest-core-1.3.jar:/Users/nikhilkanojia/.m2/repository/info/cukes/cucumber-picocontainer/1.2.5/cucumber-picocontainer-1.2.5.jar:/Users/nikhilkanojia/.m2/repository/info/cukes/gherkin/2.12.2/gherkin-2.12.2.jar:/Users/nikhilkanojia/.m2/repository/org/picocontainer/picocontainer/2.15/picocontainer-2.15.jar:/Users/nikhilkanojia/.m2/repository/info/cukes/cucumber-java/1.2.5/cucumber-java-1.2.5.jar:/Users/nikhilkanojia/.m2/repository/info/cukes/cucumber-core/1.2.5/cucumber-core-1.2.5.jar:/Users/nikhilkanojia/.m2/repository/info/cukes/cucumber-html/0.2.3/cucumber-html-0.2.3.jar:/Users/nikhilkanojia/.m2/repository/info/cukes/cucumber-jvm-deps/1.0.5/cucumber-jvm-deps-1.0.5.jar:/Users/nikhilkanojia/.m2/repository/info/cukes/cucumber-junit/1.2.5/cucumber-junit-1.2.5.jar:/Users/nikhilkanojia/.m2/repository/junit/junit/4.12/junit-4.12.jar:/Users/nikhilkanojia/.m2/repository/com/vimalselvam/cucumber-extentsreport/3.0.2/cucumber-extentsreport-3.0.2.jar:/Users/nikhilkanojia/.m2/repository/org/testng/testng/6.10/testng-6.10.jar:/Users/nikhilkanojia/.m2/repository/com/beust/jcommander/1.48/jcommander-1.48.jar:/Users/nikhilkanojia/.m2/repository/com/aventstack/extentreports/3.1.2/extentreports-3.1.2.jar:/Users/nikhilkanojia/.m2/repository/org/freemarker/freemarker/2.3.23/freemarker-2.3.23.jar:/Users/nikhilkanojia/.m2/repository/org/mongodb/mongodb-driver/3.3.0/mongodb-driver-3.3.0.jar:/Users/nikhilkanojia/.m2/repository/org/mongodb/bson/3.3.0/bson-3.3.0.jar:/Users/nikhilkanojia/.m2/repository/org/mongodb/mongodb-driver-core/3.3.0/mongodb-driver-core-3.3.0.jar:/Users/nikhilkanojia/.m2/repository/org/apache/httpcomponents/httpclient/4.5.2/httpclient-4.5.2.jar:/Users/nikhilkanojia/.m2/repository/org/apache/httpcomponents/httpcore/4.4.4/httpcore-4.4.4.jar:/Users/nikhilkanojia/.m2/repository/commons-logging/commons-logging/1.2/commons-logging-1.2.jar:/Users/nikhilkanojia/.m2/repository/commons-codec/commons-codec/1.9/commons-codec-1.9.jar:/Users/nikhilkanojia/.m2/repository/org/apache/httpcomponents/httpmime/4.5.2/httpmime-4.5.2.jar:/Users/nikhilkanojia/.m2/repository/org/jsoup/jsoup/1.9.2/jsoup-1.9.2.jar:/Users/nikhilkanojia/.m2/repository/com/google/code/gson/gson/2.8.0/gson-2.8.0.jar:/Users/nikhilkanojia/.m2/repository/org/seleniumhq/selenium/selenium-java/3.141.59/selenium-java-3.141.59.jar:/Users/nikhilkanojia/.m2/repository/org/seleniumhq/selenium/selenium-api/3.141.59/selenium-api-3.141.59.jar:/Users/nikhilkanojia/.m2/repository/org/seleniumhq/selenium/selenium-chrome-driver/3.141.59/selenium-chrome-driver-3.141.59.jar:/Users/nikhilkanojia/.m2/repository/org/seleniumhq/selenium/selenium-edge-driver/3.141.59/selenium-edge-driver-3.141.59.jar:/Users/nikhilkanojia/.m2/repository/org/seleniumhq/selenium/selenium-firefox-driver/3.141.59/selenium-firefox-driver-3.141.59.jar:/Users/nikhilkanojia/.m2/repository/org/seleniumhq/selenium/selenium-ie-driver/3.141.59/selenium-ie-driver-3.141.59.jar:/Users/nikhilkanojia/.m2/repository/org/seleniumhq/selenium/selenium-opera-driver/3.141.59/selenium-opera-driver-3.141.59.jar:/Users/nikhilkanojia/.m2/repository/org/seleniumhq/selenium/selenium-remote-driver/3.141.59/selenium-remote-driver-3.141.59.jar:/Users/nikhilkanojia/.m2/repository/org/seleniumhq/selenium/selenium-safari-driver/3.141.59/selenium-safari-driver-3.141.59.jar:/Users/nikhilkanojia/.m2/repository/org/seleniumhq/selenium/selenium-support/3.141.59/selenium-support-3.141.59.jar:/Users/nikhilkanojia/.m2/repository/net/bytebuddy/byte-buddy/1.8.15/byte-buddy-1.8.15.jar:/Users/nikhilkanojia/.m2/repository/org/apache/commons/commons-exec/1.3/commons-exec-1.3.jar:/Users/nikhilkanojia/.m2/repository/com/google/guava/guava/25.0-jre/guava-25.0-jre.jar:/Users/nikhilkanojia/.m2/repository/com/google/code/findbugs/jsr305/1.3.9/jsr305-1.3.9.jar:/Users/nikhilkanojia/.m2/repository/org/checkerframework/checker-compat-qual/2.0.0/checker-compat-qual-2.0.0.jar:/Users/nikhilkanojia/.m2/repository/com/google/errorprone/error_prone_annotations/2.1.3/error_prone_annotations-2.1.3.jar:/Users/nikhilkanojia/.m2/repository/com/google/j2objc/j2objc-annotations/1.1/j2objc-annotations-1.1.jar:/Users/nikhilkanojia/.m2/repository/org/codehaus/mojo/animal-sniffer-annotations/1.14/animal-sniffer-annotations-1.14.jar:/Users/nikhilkanojia/.m2/repository/com/squareup/okhttp3/okhttp/3.11.0/okhttp-3.11.0.jar:/Users/nikhilkanojia/.m2/repository/com/squareup/okio/okio/1.14.0/okio-1.14.0.jar:/Users/nikhilkanojia/.m2/repository/commons-lang/commons-lang/2.6/commons-lang-2.6.jar:/Users/nikhilkanojia/.m2/repository/com/saucelabs/sauce_testng/2.1.23/sauce_testng-2.1.23.jar:/Users/nikhilkanojia/.m2/repository/com/saucelabs/sauce_java_common/2.1.23/sauce_java_common-2.1.23.jar:/Users/nikhilkanojia/.m2/repository/com/googlecode/json-simple/json-simple/1.1.1/json-simple-1.1.1.jar:/Users/nikhilkanojia/.m2/repository/com/saucelabs/saucerest/1.0.32/saucerest-1.0.32.jar:/Users/nikhilkanojia/.m2/repository/org/json/json/20090211/json-20090211.jar:"/>
    <property name="java.vm.vendor" value="Oracle Corporation"/>
    <property name="sun.arch.data.model" value="64"/>
    <property name="java.vendor.url" value="http://java.oracle.com/"/>
    <property name="user.timezone" value="Asia/Kolkata"/>
    <property name="java.vm.specification.version" value="1.8"/>
    <property name="os.name" value="Mac OS X"/>
    <property name="user.country" value="IN"/>
    <property name="sun.java.launcher" value="SUN_STANDARD"/>
    <property name="sun.boot.library.path" value="/Library/Java/JavaVirtualMachines/jdk1.8.0_211.jdk/Contents/Home/jre/lib"/>
    <property name="sun.java.command" value="/Users/nikhilkanojia/seleniumProject/STYLI_FW1/target/surefire/surefirebooter1448254784248603239.jar /Users/nikhilkanojia/seleniumProject/STYLI_FW1/target/surefire 2021-02-22T20-44-08_587-jvmRun1 surefire3770796851032696002tmp surefire_01072536471823869775tmp"/>
    <property name="http.nonProxyHosts" value="local|*.local|169.254/16|*.169.254/16"/>
    <property name="surefire.test.class.path" value="/Users/nikhilkanojia/seleniumProject/STYLI_FW1/target/test-classes:/Users/nikhilkanojia/seleniumProject/STYLI_FW1/target/classes:/Users/nikhilkanojia/.m2/repository/org/hamcrest/hamcrest-core/1.3/hamcrest-core-1.3.jar:/Users/nikhilkanojia/.m2/repository/info/cukes/cucumber-picocontainer/1.2.5/cucumber-picocontainer-1.2.5.jar:/Users/nikhilkanojia/.m2/repository/info/cukes/gherkin/2.12.2/gherkin-2.12.2.jar:/Users/nikhilkanojia/.m2/repository/org/picocontainer/picocontainer/2.15/picocontainer-2.15.jar:/Users/nikhilkanojia/.m2/repository/info/cukes/cucumber-java/1.2.5/cucumber-java-1.2.5.jar:/Users/nikhilkanojia/.m2/repository/info/cukes/cucumber-core/1.2.5/cucumber-core-1.2.5.jar:/Users/nikhilkanojia/.m2/repository/info/cukes/cucumber-html/0.2.3/cucumber-html-0.2.3.jar:/Users/nikhilkanojia/.m2/repository/info/cukes/cucumber-jvm-deps/1.0.5/cucumber-jvm-deps-1.0.5.jar:/Users/nikhilkanojia/.m2/repository/info/cukes/cucumber-junit/1.2.5/cucumber-junit-1.2.5.jar:/Users/nikhilkanojia/.m2/repository/junit/junit/4.12/junit-4.12.jar:/Users/nikhilkanojia/.m2/repository/com/vimalselvam/cucumber-extentsreport/3.0.2/cucumber-extentsreport-3.0.2.jar:/Users/nikhilkanojia/.m2/repository/org/testng/testng/6.10/testng-6.10.jar:/Users/nikhilkanojia/.m2/repository/com/beust/jcommander/1.48/jcommander-1.48.jar:/Users/nikhilkanojia/.m2/repository/com/aventstack/extentreports/3.1.2/extentreports-3.1.2.jar:/Users/nikhilkanojia/.m2/repository/org/freemarker/freemarker/2.3.23/freemarker-2.3.23.jar:/Users/nikhilkanojia/.m2/repository/org/mongodb/mongodb-driver/3.3.0/mongodb-driver-3.3.0.jar:/Users/nikhilkanojia/.m2/repository/org/mongodb/bson/3.3.0/bson-3.3.0.jar:/Users/nikhilkanojia/.m2/repository/org/mongodb/mongodb-driver-core/3.3.0/mongodb-driver-core-3.3.0.jar:/Users/nikhilkanojia/.m2/repository/org/apache/httpcomponents/httpclient/4.5.2/httpclient-4.5.2.jar:/Users/nikhilkanojia/.m2/repository/org/apache/httpcomponents/httpcore/4.4.4/httpcore-4.4.4.jar:/Users/nikhilkanojia/.m2/repository/commons-logging/commons-logging/1.2/commons-logging-1.2.jar:/Users/nikhilkanojia/.m2/repository/commons-codec/commons-codec/1.9/commons-codec-1.9.jar:/Users/nikhilkanojia/.m2/repository/org/apache/httpcomponents/httpmime/4.5.2/httpmime-4.5.2.jar:/Users/nikhilkanojia/.m2/repository/org/jsoup/jsoup/1.9.2/jsoup-1.9.2.jar:/Users/nikhilkanojia/.m2/repository/com/google/code/gson/gson/2.8.0/gson-2.8.0.jar:/Users/nikhilkanojia/.m2/repository/org/seleniumhq/selenium/selenium-java/3.141.59/selenium-java-3.141.59.jar:/Users/nikhilkanojia/.m2/repository/org/seleniumhq/selenium/selenium-api/3.141.59/selenium-api-3.141.59.jar:/Users/nikhilkanojia/.m2/repository/org/seleniumhq/selenium/selenium-chrome-driver/3.141.59/selenium-chrome-driver-3.141.59.jar:/Users/nikhilkanojia/.m2/repository/org/seleniumhq/selenium/selenium-edge-driver/3.141.59/selenium-edge-driver-3.141.59.jar:/Users/nikhilkanojia/.m2/repository/org/seleniumhq/selenium/selenium-firefox-driver/3.141.59/selenium-firefox-driver-3.141.59.jar:/Users/nikhilkanojia/.m2/repository/org/seleniumhq/selenium/selenium-ie-driver/3.141.59/selenium-ie-driver-3.141.59.jar:/Users/nikhilkanojia/.m2/repository/org/seleniumhq/selenium/selenium-opera-driver/3.141.59/selenium-opera-driver-3.141.59.jar:/Users/nikhilkanojia/.m2/repository/org/seleniumhq/selenium/selenium-remote-driver/3.141.59/selenium-remote-driver-3.141.59.jar:/Users/nikhilkanojia/.m2/repository/org/seleniumhq/selenium/selenium-safari-driver/3.141.59/selenium-safari-driver-3.141.59.jar:/Users/nikhilkanojia/.m2/repository/org/seleniumhq/selenium/selenium-support/3.141.59/selenium-support-3.141.59.jar:/Users/nikhilkanojia/.m2/repository/net/bytebuddy/byte-buddy/1.8.15/byte-buddy-1.8.15.jar:/Users/nikhilkanojia/.m2/repository/org/apache/commons/commons-exec/1.3/commons-exec-1.3.jar:/Users/nikhilkanojia/.m2/repository/com/google/guava/guava/25.0-jre/guava-25.0-jre.jar:/Users/nikhilkanojia/.m2/repository/com/google/code/findbugs/jsr305/1.3.9/jsr305-1.3.9.jar:/Users/nikhilkanojia/.m2/repository/org/checkerframework/checker-compat-qual/2.0.0/checker-compat-qual-2.0.0.jar:/Users/nikhilkanojia/.m2/repository/com/google/errorprone/error_prone_annotations/2.1.3/error_prone_annotations-2.1.3.jar:/Users/nikhilkanojia/.m2/repository/com/google/j2objc/j2objc-annotations/1.1/j2objc-annotations-1.1.jar:/Users/nikhilkanojia/.m2/repository/org/codehaus/mojo/animal-sniffer-annotations/1.14/animal-sniffer-annotations-1.14.jar:/Users/nikhilkanojia/.m2/repository/com/squareup/okhttp3/okhttp/3.11.0/okhttp-3.11.0.jar:/Users/nikhilkanojia/.m2/repository/com/squareup/okio/okio/1.14.0/okio-1.14.0.jar:/Users/nikhilkanojia/.m2/repository/commons-lang/commons-lang/2.6/commons-lang-2.6.jar:/Users/nikhilkanojia/.m2/repository/com/saucelabs/sauce_testng/2.1.23/sauce_testng-2.1.23.jar:/Users/nikhilkanojia/.m2/repository/com/saucelabs/sauce_java_common/2.1.23/sauce_java_common-2.1.23.jar:/Users/nikhilkanojia/.m2/repository/com/googlecode/json-simple/json-simple/1.1.1/json-simple-1.1.1.jar:/Users/nikhilkanojia/.m2/repository/com/saucelabs/saucerest/1.0.32/saucerest-1.0.32.jar:/Users/nikhilkanojia/.m2/repository/org/json/json/20090211/json-20090211.jar:"/>
    <property name="sun.cpu.endian" value="little"/>
    <property name="user.home" value="/Users/nikhilkanojia"/>
    <property name="user.language" value="en"/>
    <property name="java.specification.vendor" value="Oracle Corporation"/>
    <property name="java.home" value="/Library/Java/JavaVirtualMachines/jdk1.8.0_211.jdk/Contents/Home/jre"/>
    <property name="basedir" value="/Users/nikhilkanojia/seleniumProject/STYLI_FW1"/>
    <property name="file.separator" value="/"/>
    <property name="line.separator" value="&#10;"/>
    <property name="java.vm.specification.vendor" value="Oracle Corporation"/>
    <property name="java.specification.name" value="Java Platform API Specification"/>
    <property name="java.awt.graphicsenv" value="sun.awt.CGraphicsEnvironment"/>
    <property name="surefire.real.class.path" value="/Users/nikhilkanojia/seleniumProject/STYLI_FW1/target/surefire/surefirebooter1448254784248603239.jar"/>
    <property name="sun.boot.class.path" value="/Library/Java/JavaVirtualMachines/jdk1.8.0_211.jdk/Contents/Home/jre/lib/resources.jar:/Library/Java/JavaVirtualMachines/jdk1.8.0_211.jdk/Contents/Home/jre/lib/rt.jar:/Library/Java/JavaVirtualMachines/jdk1.8.0_211.jdk/Contents/Home/jre/lib/sunrsasign.jar:/Library/Java/JavaVirtualMachines/jdk1.8.0_211.jdk/Contents/Home/jre/lib/jsse.jar:/Library/Java/JavaVirtualMachines/jdk1.8.0_211.jdk/Contents/Home/jre/lib/jce.jar:/Library/Java/JavaVirtualMachines/jdk1.8.0_211.jdk/Contents/Home/jre/lib/charsets.jar:/Library/Java/JavaVirtualMachines/jdk1.8.0_211.jdk/Contents/Home/jre/lib/jfr.jar:/Library/Java/JavaVirtualMachines/jdk1.8.0_211.jdk/Contents/Home/jre/classes"/>
    <property name="sun.management.compiler" value="HotSpot 64-Bit Tiered Compilers"/>
    <property name="ftp.nonProxyHosts" value="local|*.local|169.254/16|*.169.254/16"/>
    <property name="java.runtime.version" value="1.8.0_211-b12"/>
    <property name="user.name" value="nikhilkanojia"/>
    <property name="path.separator" value=":"/>
    <property name="os.version" value="10.15.7"/>
    <property name="java.endorsed.dirs" value="/Library/Java/JavaVirtualMachines/jdk1.8.0_211.jdk/Contents/Home/jre/lib/endorsed"/>
    <property name="java.runtime.name" value="Java(TM) SE Runtime Environment"/>
    <property name="file.encoding" value="UTF-8"/>
    <property name="java.vm.name" value="Java HotSpot(TM) 64-Bit Server VM"/>
    <property name="localRepository" value="/Users/nikhilkanojia/.m2/repository"/>
    <property name="java.vendor.url.bug" value="http://bugreport.sun.com/bugreport/"/>
    <property name="java.io.tmpdir" value="/var/folders/sk/k1xy6wyn1531xnv224w05hh80000gn/T/"/>
    <property name="java.version" value="1.8.0_211"/>
    <property name="user.dir" value="/Users/nikhilkanojia/seleniumProject/STYLI_FW1"/>
    <property name="os.arch" value="x86_64"/>
    <property name="java.vm.specification.name" value="Java Virtual Machine Specification"/>
    <property name="java.awt.printerjob" value="sun.lwawt.macosx.CPrinterJob"/>
    <property name="sun.os.patch.level" value="unknown"/>
    <property name="java.library.path" value="/Users/nikhilkanojia/Library/Java/Extensions:/Library/Java/Extensions:/Network/Library/Java/Extensions:/System/Library/Java/Extensions:/usr/lib/java:."/>
    <property name="java.vm.info" value="mixed mode"/>
    <property name="java.vendor" value="Oracle Corporation"/>
    <property name="java.vm.version" value="25.211-b12"/>
    <property name="java.ext.dirs" value="/Users/nikhilkanojia/Library/Java/Extensions:/Library/Java/JavaVirtualMachines/jdk1.8.0_211.jdk/Contents/Home/jre/lib/ext:/Library/Java/Extensions:/Network/Library/Java/Extensions:/System/Library/Java/Extensions:/usr/lib/java"/>
    <property name="sun.io.unicode.encoding" value="UnicodeBig"/>
    <property name="java.class.version" value="52.0"/>
    <property name="socksNonProxyHosts" value="local|*.local|169.254/16|*.169.254/16"/>
  </properties>
  <testcase name="stylitest" classname="STYLI_FW.STYLI_FW1.StyliTest" time="32.821">
    <failure message="element click intercepted: Element &lt;a href=&quot;/sa/en/product-freerun-plain-hooded-jacket-with-long-sleeves-50012203&quot; title=&quot;Plain Hooded Jacket with Long Sleeves&quot; class=&quot;col-xs-6 col-lg-3 col-md-4 c-main-gray cursor-default product-item&quot;&gt;...&lt;/a&gt; is not clickable at point (544, 882). Other element would receive the click: &lt;button class=&quot;fs-13 c-dark-gray transparent w100p p-10 b-white Button&quot; type=&quot;button&quot;&gt;...&lt;/button&gt;&#10;  (Session info: chrome=87.0.4280.66)&#10;Build info: version: &apos;3.141.59&apos;, revision: &apos;e82be7d358&apos;, time: &apos;2018-11-14T08:17:03&apos;&#10;System info: host: &apos;Nikhils-MacBook-Air.local&apos;, ip: &apos;2406:7400:54:3143:212d:a531:7a46:c014%en0&apos;, os.name: &apos;Mac OS X&apos;, os.arch: &apos;x86_64&apos;, os.version: &apos;10.15.7&apos;, java.version: &apos;1.8.0_211&apos;&#10;Driver info: org.openqa.selenium.remote.RemoteWebDriver&#10;Capabilities {acceptInsecureCerts: false, browserName: chrome, browserVersion: 87.0.4280.66, chrome: {chromedriverVersion: 87.0.4280.20 (c99e81631faa0..., userDataDir: /tmp/.com.google.Chrome.TZA3js}, goog:chromeOptions: {debuggerAddress: localhost:45091}, javascriptEnabled: true, networkConnectionEnabled: false, pageLoadStrategy: normal, platform: LINUX, platformName: LINUX, proxy: Proxy(), setWindowRect: true, strictFileInteractability: false, timeouts: {implicit: 0, pageLoad: 300000, script: 30000}, unhandledPromptBehavior: dismiss and notify, webauthn:virtualAuthenticators: true, webdriver.remote.sessionid: 430f98982117ba8f2fb3e3505c7...}&#10;Session ID: 430f98982117ba8f2fb3e3505c7b5e78" type="org.openqa.selenium.ElementClickInterceptedException"><![CDATA[org.openqa.selenium.ElementClickInterceptedException: 
element click intercepted: Element <a href="/sa/en/product-freerun-plain-hooded-jacket-with-long-sleeves-50012203" title="Plain Hooded Jacket with Long Sleeves" class="col-xs-6 col-lg-3 col-md-4 c-main-gray cursor-default product-item">...</a> is not clickable at point (544, 882). Other element would receive the click: <button class="fs-13 c-dark-gray transparent w100p p-10 b-white Button" type="button">...</button>
  (Session info: chrome=87.0.4280.66)
Build info: version: '3.141.59', revision: 'e82be7d358', time: '2018-11-14T08:17:03'
System info: host: 'Nikhils-MacBook-Air.local', ip: '2406:7400:54:3143:212d:a531:7a46:c014%en0', os.name: 'Mac OS X', os.arch: 'x86_64', os.version: '10.15.7', java.version: '1.8.0_211'
Driver info: org.openqa.selenium.remote.RemoteWebDriver
Capabilities {acceptInsecureCerts: false, browserName: chrome, browserVersion: 87.0.4280.66, chrome: {chromedriverVersion: 87.0.4280.20 (c99e81631faa0..., userDataDir: /tmp/.com.google.Chrome.TZA3js}, goog:chromeOptions: {debuggerAddress: localhost:45091}, javascriptEnabled: true, networkConnectionEnabled: false, pageLoadStrategy: normal, platform: LINUX, platformName: LINUX, proxy: Proxy(), setWindowRect: true, strictFileInteractability: false, timeouts: {implicit: 0, pageLoad: 300000, script: 30000}, unhandledPromptBehavior: dismiss and notify, webauthn:virtualAuthenticators: true, webdriver.remote.sessionid: 430f98982117ba8f2fb3e3505c7...}
Session ID: 430f98982117ba8f2fb3e3505c7b5e78
	at STYLI_FW.STYLI_FW1.StyliTest.stylitest(StyliTest.java:34)
]]></failure>
    <system-out><![CDATA[Styli - Online Fashion Store
]]></system-out>
    <system-err><![CDATA[Feb 22, 2021 8:44:10 PM org.openqa.selenium.remote.DesiredCapabilities chrome
INFO: Using `new ChromeOptions()` is preferred to `DesiredCapabilities.chrome()`
Feb 22, 2021 8:44:16 PM org.openqa.selenium.remote.ProtocolHandshake createSession
INFO: Detected dialect: W3C
]]></system-err>
  </testcase>
</testsuite>