<?xml version="1.0" encoding="UTF-8"?>
<!-- Generated by org.testng.reporters.JUnitReportReporter -->
<testsuite skipped="0" hostname="Nikhils-MacBook-Air.local" name="parallel.TestRunnerNG" tests="2" failures="0" timestamp="24 Apr 2021 15:30:10 GMT" time="26.088" errors="0">
  <testcase name="runScenario" time="16.390" classname="parallel.TestRunnerNG"/>
  <testcase name="runScenario" time="9.698" classname="parallel.TestRunnerNG"/>
</testsuite> <!-- parallel.TestRunnerNG -->
