<?xml version="1.0" encoding="UTF-8"?>
<!-- Generated by org.testng.reporters.JUnitReportReporter -->
<testsuite skipped="0" hostname="Nikhils-MacBook-Air.local" name="dockerdemo.ChromeTest3" tests="1" failures="0" timestamp="20 Apr 2021 09:26:44 GMT" time="3.339" errors="0">
  <testcase name="test3" time="3.339" classname="dockerdemo.ChromeTest3"/>
</testsuite> <!-- dockerdemo.ChromeTest3 -->
