<?xml version="1.0" encoding="UTF-8"?>
<!-- Generated by org.testng.reporters.JUnitReportReporter -->
<testsuite skipped="0" hostname="Nikhils-MacBook-Air.local" name="dockerdemo.Chrome3" tests="1" failures="0" timestamp="20 Nov 2020 20:43:39 GMT" time="4.259" errors="0">
  <testcase name="remoteWebdriverTest" time="4.259" classname="dockerdemo.Chrome3"/>
</testsuite> <!-- dockerdemo.Chrome3 -->
