<?xml version="1.0" encoding="UTF-8"?>
<!-- Generated by org.testng.reporters.JUnitReportReporter -->
<testsuite skipped="0" hostname="Nikhils-MacBook-Air.local" name="streams.StreamFilter" tests="1" failures="0" timestamp="05 Mar 2021 14:46:10 GMT" time="0.122" errors="0">
  <testcase name="streamFilter" time="0.122" classname="streams.StreamFilter"/>
</testsuite> <!-- streams.StreamFilter -->
