<?xml version="1.0" encoding="UTF-8"?>
<!-- Generated by org.testng.reporters.JUnitReportReporter -->
<testsuite skipped="0" hostname="Nikhils-MacBook-Air.local" name="supplierinterface.Tested" tests="1" failures="0" timestamp="26 Sep 2020 09:15:08 GMT" time="0.896" errors="0">
  <testcase name="googleTest" time="0.896" classname="supplierinterface.Tested"/>
</testsuite> <!-- supplierinterface.Tested -->
