<?xml version="1.0" encoding="UTF-8"?>
<!-- Generated by org.testng.reporters.JUnitReportReporter -->
<testsuite skipped="0" hostname="Nikhils-MacBook-Air.local" name="predicate.PredicateAutomation" tests="1" failures="0" timestamp="29 Sep 2020 16:43:40 GMT" time="3.995" errors="0">
  <testcase name="googleTest" time="3.995" classname="predicate.PredicateAutomation"/>
</testsuite> <!-- predicate.PredicateAutomation -->
