<?xml version="1.0" encoding="UTF-8"?>
<!-- Generated by org.testng.reporters.JUnitReportReporter -->
<testsuite skipped="0" hostname="Nikhils-MacBook-Air.local" name="supplierinterface.DriverTest" tests="1" failures="0" timestamp="26 Sep 2020 09:01:53 GMT" time="2.160" errors="0">
  <testcase name="googleTest" time="2.160" classname="supplierinterface.DriverTest"/>
</testsuite> <!-- supplierinterface.DriverTest -->
