<?xml version="1.0" encoding="UTF-8"?>
<!-- Generated by org.testng.reporters.JUnitReportReporter -->
<testsuite skipped="0" hostname="Nikhils-MacBook-Air.local" name="STYLI_FW.STYLI_FW1.StylijavaTest" tests="1" failures="0" timestamp="26 Mar 2021 16:22:56 GMT" time="30.962" errors="0">
  <testcase name="styliJavaTest" time="30.962" classname="STYLI_FW.STYLI_FW1.StylijavaTest"/>
</testsuite> <!-- STYLI_FW.STYLI_FW1.StylijavaTest -->
