<?xml version="1.0" encoding="UTF-8"?>
<!-- Generated by org.testng.reporters.JUnitReportReporter -->
<testsuite skipped="0" hostname="Nikhils-MacBook-Air.local" name="dataproviders.LoginTest" tests="4" failures="0" timestamp="19 Jun 2019 03:01:47 GMT" time="0.029" errors="0">
  <testcase name="login" time="0.012" classname="dataproviders.LoginTest"/>
  <testcase name="userReg" time="0.004" classname="dataproviders.LoginTest"/>
  <testcase name="login" time="0.009" classname="dataproviders.LoginTest"/>
  <testcase name="userReg" time="0.004" classname="dataproviders.LoginTest"/>
</testsuite> <!-- dataproviders.LoginTest -->
