<?xml version="1.0" encoding="UTF-8"?>
<!-- Generated by org.testng.reporters.JUnitReportReporter -->
<testsuite skipped="0" hostname="Nikhils-MacBook-Air.local" name="screenshot.CheckScreenshot" tests="1" failures="0" timestamp="23 Jun 2019 08:17:50 GMT" time="4.649" errors="0">
  <testcase name="chkscreenshot" time="4.649" classname="screenshot.CheckScreenshot"/>
</testsuite> <!-- screenshot.CheckScreenshot -->
