<?xml version="1.0" encoding="UTF-8"?>
<!-- Generated by org.testng.reporters.JUnitReportReporter -->
<testsuite skipped="0" hostname="Nikhils-MacBook-Air.local" name="parameterization.TestParameterization" tests="3" failures="0" timestamp="15 Jun 2019 11:39:30 GMT" time="0.028" errors="0">
  <testcase name="getData" time="0.013" classname="parameterization.TestParameterization"/>
  <testcase name="getData" time="0.010" classname="parameterization.TestParameterization"/>
  <testcase name="getData" time="0.005" classname="parameterization.TestParameterization"/>
</testsuite> <!-- parameterization.TestParameterization -->
