<?xml version="1.0" encoding="UTF-8"?>
<!-- Generated by org.testng.reporters.JUnitReportReporter -->
<testsuite skipped="0" hostname="Nikhils-MacBook-Air.local" name="testcases.TestCase1" tests="1" failures="0" timestamp="23 Jun 2019 07:57:13 GMT" time="0.017" errors="0">
  <testcase name="dologontestcase" time="0.017" classname="testcases.TestCase1"/>
</testsuite> <!-- testcases.TestCase1 -->
