<?xml version="1.0" encoding="UTF-8"?>
<!-- Generated by org.testng.reporters.JUnitReportReporter -->
<testsuite skipped="0" hostname="Nikhils-MacBook-Air.local" name="dataproviders.Dataproviders" tests="2" failures="0" timestamp="19 Jun 2019 02:36:36 GMT" time="0.023" errors="0">
  <testcase name="testData" time="0.012" classname="dataproviders.Dataproviders"/>
  <testcase name="testData" time="0.011" classname="dataproviders.Dataproviders"/>
</testsuite> <!-- dataproviders.Dataproviders -->
