<?xml version="1.0" encoding="UTF-8"?>
<!-- Generated by org.testng.reporters.JUnitReportReporter -->
<testsuite skipped="0" hostname="Nikhils-MacBook-Air.local" name="paralleltests.Paralleltestng" tests="2" failures="0" timestamp="20 Jun 2019 03:24:38 GMT" time="0.026" errors="0">
  <testcase name="testBrowsers" time="0.013" classname="paralleltests.Paralleltestng"/>
  <testcase name="testBrowsers" time="0.013" classname="paralleltests.Paralleltestng"/>
</testsuite> <!-- paralleltests.Paralleltestng -->
