<?xml version="1.0" encoding="UTF-8"?>
<!-- Generated by org.testng.reporters.JUnitReportReporter -->
<testsuite skipped="0" hostname="Nikhils-MacBook-Air.local" name="invocationandthreadpool.Testinvocationcount" tests="5" failures="0" timestamp="24 Jun 2019 15:26:55 GMT" time="18.793" errors="0">
  <testcase name="test" time="3.730" classname="invocationandthreadpool.Testinvocationcount"/>
  <testcase name="test" time="3.125" classname="invocationandthreadpool.Testinvocationcount"/>
  <testcase name="test" time="3.659" classname="invocationandthreadpool.Testinvocationcount"/>
  <testcase name="test" time="4.599" classname="invocationandthreadpool.Testinvocationcount"/>
  <testcase name="test" time="3.680" classname="invocationandthreadpool.Testinvocationcount"/>
</testsuite> <!-- invocationandthreadpool.Testinvocationcount -->
