<?xml version="1.0" encoding="UTF-8"?>
<!-- Generated by org.testng.reporters.JUnitReportReporter -->
<testsuite skipped="0" hostname="Nikhils-MacBook-Air.local" name="paralleltests.Paralleldataproviders" tests="2" failures="0" timestamp="22 Jun 2019 14:58:10 GMT" time="4.026" errors="0">
  <testcase name="test" time="2.013" classname="paralleltests.Paralleldataproviders"/>
  <testcase name="test" time="2.013" classname="paralleltests.Paralleldataproviders"/>
</testsuite> <!-- paralleltests.Paralleldataproviders -->
