<?xml version="1.0" encoding="UTF-8"?>
<!-- Generated by org.testng.reporters.JUnitReportReporter -->
<testsuite skipped="1" hostname="Nikhils-MacBook-Air.local" name="testcases.SkipTestcase" tests="1" failures="0" timestamp="12 Jun 2019 03:02:56 GMT" time="0.011" errors="0">
  <testcase name="skiptest" time="0.011" classname="testcases.SkipTestcase">
    <skipped/>
  </testcase> <!-- skiptest -->
</testsuite> <!-- testcases.SkipTestcase -->
