<?xml version="1.0" encoding="UTF-8"?>
<!-- Generated by org.testng.reporters.JUnitReportReporter -->
<testsuite skipped="0" hostname="Nikhils-MacBook-Air.local" name="restassured_addbook.AddBookApi_7thCode" tests="3" failures="0" timestamp="2020-12-10T04:48:23 IST" time="5.240" errors="0">
  <testcase name="addBook" time="0.204" classname="restassured_addbook.AddBookApi_7thCode"/>
  <system-out/>
  <testcase name="addBook" time="0.194" classname="restassured_addbook.AddBookApi_7thCode"/>
  <system-out/>
  <testcase name="addBook" time="4.842" classname="restassured_addbook.AddBookApi_7thCode"/>
  <system-out/>
</testsuite> <!-- restassured_addbook.AddBookApi_7thCode -->
