<?xml version="1.0" encoding="UTF-8"?>
<!-- Generated by org.testng.reporters.JUnitReportReporter -->
<testsuite skipped="0" hostname="Nikhils-MacBook-Air.local" name="oauth2.RequestSpecBuilderTest" tests="1" failures="0" timestamp="2020-11-16T18:12:47 IST" time="4.024" errors="0">
  <testcase name="test" time="4.024" classname="oauth2.RequestSpecBuilderTest"/>
  <system-out/>
</testsuite> <!-- oauth2.RequestSpecBuilderTest -->
