<?xml version="1.0" encoding="UTF-8"?>
<!-- Generated by org.testng.reporters.JUnitReportReporter -->
<testsuite skipped="0" hostname="Nikhils-MacBook-Air.local" name="oauth2.SerializeTest" tests="1" failures="0" timestamp="2020-11-16T17:46:58 IST" time="3.595" errors="0">
  <testcase name="test" time="3.595" classname="oauth2.SerializeTest"/>
  <system-out/>
</testsuite> <!-- oauth2.SerializeTest -->
