<?xml version="1.0" encoding="UTF-8"?>
<!-- Generated by org.testng.reporters.JUnitReportReporter -->
<testsuite skipped="0" hostname="Nikhils-MacBook-Air.local" name="oauth2.OAuthTest_code2" tests="1" failures="0" timestamp="2020-11-16T13:33:48 IST" time="3.444" errors="0">
  <testcase name="test_Oauth" time="3.444" classname="oauth2.OAuthTest_code2"/>
  <system-out/>
</testsuite> <!-- oauth2.OAuthTest_code2 -->
