<?xml version="1.0" encoding="UTF-8"?>
<!-- Generated by org.testng.reporters.JUnitReportReporter -->
<testsuite skipped="0" hostname="Nikhils-MacBook-Air.local" name="jiratest.JiraTest" tests="1" failures="0" timestamp="2020-11-13T22:15:58 IST" time="4.699" errors="0">
  <testcase name="addcomment" time="4.699" classname="jiratest.JiraTest"/>
  <system-out/>
</testsuite> <!-- jiratest.JiraTest -->
