<?xml version="1.0" encoding="UTF-8"?>
<!-- Generated by org.testng.reporters.JUnitReportReporter -->
<testsuite skipped="0" hostname="Nikhils-MacBook-Air.local" name="staticjson.StaticJson" tests="1" failures="0" timestamp="2020-11-11T20:24:07 IST" time="3.180" errors="0">
  <testcase name="addBook" time="3.180" classname="staticjson.StaticJson"/>
  <system-out/>
</testsuite> <!-- staticjson.StaticJson -->
