<?xml version="1.0" encoding="UTF-8"?>
<!-- Generated by org.testng.reporters.JUnitReportReporter -->
<testsuite skipped="0" hostname="Nikhils-MacBook-Air.local" name="oauth2.OAuthTest_code1" tests="1" failures="0" timestamp="2021-01-03T06:02:40 IST" time="3.391" errors="0">
  <testcase name="test_Oauth" time="3.391" classname="oauth2.OAuthTest_code1"/>
  <system-out/>
</testsuite> <!-- oauth2.OAuthTest_code1 -->
