<?xml version="1.0" encoding="UTF-8"?>
<!-- Generated by org.testng.reporters.JUnitReportReporter -->
<testsuite skipped="0" hostname="Nikhils-MacBook-Air.local" name="restassured_addbook.AddBookApi" tests="3" failures="0" timestamp="2020-11-10T20:16:48 IST" time="3.270" errors="0">
  <testcase name="addBook" time="0.201" classname="restassured_addbook.AddBookApi"/>
  <system-out/>
  <testcase name="addBook" time="0.187" classname="restassured_addbook.AddBookApi"/>
  <system-out/>
  <testcase name="addBook" time="2.882" classname="restassured_addbook.AddBookApi"/>
  <system-out/>
</testsuite> <!-- restassured_addbook.AddBookApi -->
