<?xml version="1.0" encoding="UTF-8"?>
<!-- Generated by org.testng.reporters.JUnitReportReporter -->
<testsuite skipped="0" hostname="Nikhils-MacBook-Air.local" name="oauth2.OAuthTest_code2_deserialization" tests="1" failures="0" timestamp="2021-01-02T22:30:07 IST" time="3.512" errors="0">
  <testcase name="test_Oauth" time="3.512" classname="oauth2.OAuthTest_code2_deserialization"/>
  <system-out/>
</testsuite> <!-- oauth2.OAuthTest_code2_deserialization -->
