<?xml version="1.0" encoding="UTF-8"?>
<!-- Generated by org.testng.reporters.JUnitReportReporter -->
<testsuite skipped="0" hostname="Nikhils-MacBook-Air.local" name="oauth2.OAuthTest_code3" tests="1" failures="0" timestamp="2020-11-16T16:05:50 IST" time="5.400" errors="0">
  <testcase name="test_Oauth" time="5.400" classname="oauth2.OAuthTest_code3"/>
  <system-out/>
</testsuite> <!-- oauth2.OAuthTest_code3 -->
