<?xml version="1.0" encoding="UTF-8"?>
<!-- Generated by org.testng.reporters.JUnitReportReporter -->
<testsuite skipped="0" hostname="Nikhils-MacBook-Air.local" name="oauth2.OAuthTest" tests="1" failures="0" timestamp="2020-06-24T19:03:24 IST" time="3.558" errors="0">
  <testcase name="test_Oauth" time="3.558" classname="oauth2.OAuthTest"/>
  <system-out/>
</testsuite> <!-- oauth2.OAuthTest -->
