<?xml version="1.0" encoding="UTF-8"?>
<!-- Generated by org.testng.reporters.JUnitReportReporter -->
<testsuite skipped="0" hostname="Nikhils-MacBook-Air.local" name="seleniumgrid.GridConcept" tests="1" failures="0" timestamp="2020-11-23T14:07:25 IST" time="5.905" errors="0">
  <testcase name="runtest" time="5.905" classname="seleniumgrid.GridConcept"/>
  <system-out/>
</testsuite> <!-- seleniumgrid.GridConcept -->
