<?xml version="1.0" encoding="UTF-8"?>
<!-- Generated by org.testng.reporters.JUnitReportReporter -->
<testsuite skipped="0" hostname="Nikhils-MacBook-Air.local" name="Grid_data_provider_parallel" tests="2" failures="0" timestamp="05 Jul 2019 01:16:33 GMT" time="24.131" errors="0">
  <testcase name="testLogin" time="12.278" classname="Grid_data_provider_parallel"/>
  <testcase name="testLogin" time="11.853" classname="Grid_data_provider_parallel"/>
</testsuite> <!-- Grid_data_provider_parallel -->
