<?xml version="1.0" encoding="UTF-8"?>
<!-- Generated by org.testng.reporters.JUnitReportReporter -->
<testsuite skipped="0" hostname="Nikhils-MacBook-Air.local" name="TestSample" tests="2" failures="0" timestamp="02 Jul 2019 01:10:33 GMT" time="15.673" errors="0">
  <testcase name="testLogin" time="6.541" classname="TestSample"/>
  <testcase name="testLogin" time="9.132" classname="TestSample"/>
</testsuite> <!-- TestSample -->
