<?xml version="1.0" encoding="UTF-8"?>
<!-- Generated by org.testng.reporters.JUnitReportReporter -->
<testsuite skipped="0" hostname="Nikhils-MacBook-Air.local" name="dockerDemo.ChromeDemo" tests="1" failures="0" timestamp="02 Jun 2020 07:07:10 GMT" time="12.114" errors="0">
  <testcase name="testApp" time="12.114" classname="dockerDemo.ChromeDemo"/>
</testsuite> <!-- dockerDemo.ChromeDemo -->
