<?xml version="1.0" encoding="UTF-8"?>
<!-- Generated by org.testng.reporters.JUnitReportReporter -->
<testsuite skipped="0" hostname="Nikhils-MacBook-Air.local" name="restapitesting.Test_GET_02" tests="1" failures="0" timestamp="04 Jun 2020 16:28:04 GMT" time="3.729" errors="0">
  <testcase name="test_02" time="3.729" classname="restapitesting.Test_GET_02"/>
</testsuite> <!-- restapitesting.Test_GET_02 -->
