<?xml version="1.0" encoding="UTF-8"?>
<!-- Generated by org.testng.reporters.JUnitReportReporter -->
<testsuite skipped="0" hostname="Nikhils-MacBook-Air.local" name="restapitesting.RESTParameterization" tests="2" failures="0" timestamp="06 Jun 2020 04:21:46 GMT" time="1.819" errors="0">
  <testcase name="test_POST_01" time="1.788" classname="restapitesting.RESTParameterization"/>
  <testcase name="test_POST_01" time="0.031" classname="restapitesting.RESTParameterization"/>
</testsuite> <!-- restapitesting.RESTParameterization -->
