<?xml version="1.0" encoding="UTF-8"?>
<!-- Generated by org.testng.reporters.JUnitReportReporter -->
<testsuite skipped="0" hostname="Nikhils-MacBook-Air.local" name="utils.ExcelUtilsTest" tests="1" failures="0" timestamp="06 Jun 2020 18:27:40 GMT" time="0.788" errors="0">
  <testcase name="testExcel" time="0.788" classname="utils.ExcelUtilsTest"/>
</testsuite> <!-- utils.ExcelUtilsTest -->
