<?xml version="1.0" encoding="UTF-8"?>
<!-- Generated by org.testng.reporters.JUnitReportReporter -->
<testsuite skipped="0" hostname="Nikhils-MacBook-Air.local" name="restapitesting.Test_POST" tests="1" failures="0" timestamp="04 Jun 2020 19:07:13 GMT" time="2.929" errors="0">
  <testcase name="test_PUT" time="2.929" classname="restapitesting.Test_POST"/>
</testsuite> <!-- restapitesting.Test_POST -->
