<?xml version="1.0" encoding="UTF-8"?>
<!-- Generated by org.testng.reporters.JUnitReportReporter -->
<testsuite skipped="0" hostname="Nikhils-MacBook-Air.local" name="restapitesting.ThirdVideoExamples" tests="1" failures="0" timestamp="05 Jun 2020 19:12:45 GMT" time="2.849" errors="0">
  <testcase name="test_post" time="2.849" classname="restapitesting.ThirdVideoExamples"/>
</testsuite> <!-- restapitesting.ThirdVideoExamples -->
