<?xml version="1.0" encoding="UTF-8"?>
<!-- Generated by org.testng.reporters.JUnitReportReporter -->
<testsuite skipped="0" hostname="Nikhils-MacBook-Air.local" name="utils.ExcelUtils" tests="2" failures="0" timestamp="06 Jun 2020 07:27:58 GMT" time="1.438" errors="0">
  <testcase name="getRowCount" time="1.282" classname="utils.ExcelUtils"/>
  <testcase name="getCellData" time="0.156" classname="utils.ExcelUtils"/>
</testsuite> <!-- utils.ExcelUtils -->
