<?xml version="1.0" encoding="UTF-8"?>
<!-- Generated by org.testng.reporters.JUnitReportReporter -->
<testsuite skipped="0" hostname="Nikhils-MacBook-Air.local" name="restapitesting.Test_01_GET" tests="2" failures="0" timestamp="06 Jun 2020 19:49:57 GMT" time="5.191" errors="0">
  <testcase name="test_02" time="2.783" classname="restapitesting.Test_01_GET"/>
  <testcase name="test_01" time="2.408" classname="restapitesting.Test_01_GET"/>
</testsuite> <!-- restapitesting.Test_01_GET -->
